TN:
SF:src/app.ts
FNF:0
FNH:0
DA:9,1
DA:11,1
DA:12,1
DA:13,1
DA:15,1
DA:17,1
DA:18,1
DA:20,1
LF:8
LH:8
BRDA:17,0,0,1
BRF:1
BRH:1
end_of_record
TN:
SF:src/database.ts
FNF:0
FNH:0
DA:3,2
DA:4,2
LF:2
LH:2
BRF:0
BRH:0
end_of_record
TN:
SF:src/controllers/e2eController.ts
FN:4,resetDatabase
FN:9,seed
FNF:2
FNH:0
FNDA:0,resetDatabase
FNDA:0,seed
DA:5,0
DA:7,0
DA:10,0
DA:12,0
LF:4
LH:0
BRF:0
BRH:0
end_of_record
TN:
SF:src/controllers/recommendationController.ts
FN:6,insert
FN:17,upvote
FN:25,downvote
FN:33,random
FN:39,get
FN:44,getTop
FN:51,getById
FNF:7
FNH:6
FNDA:1,insert
FNDA:1,upvote
FNDA:1,downvote
FNDA:1,random
FNDA:0,get
FNDA:1,getTop
FNDA:1,getById
DA:7,1
DA:8,1
DA:9,0
DA:12,1
DA:14,1
DA:18,1
DA:20,1
DA:22,1
DA:26,1
DA:28,1
DA:30,1
DA:34,1
DA:36,1
DA:40,0
DA:41,0
DA:45,1
DA:47,1
DA:48,1
DA:52,1
DA:54,1
DA:55,1
DA:58,1
LF:22
LH:19
BRDA:8,0,0,0
BRF:1
BRH:0
end_of_record
TN:
SF:src/middlewares/errorHandlerMiddleware.ts
FN:8,errorHandlerMiddleware
FNF:1
FNH:0
FNDA:0,errorHandlerMiddleware
DA:14,0
DA:16,0
DA:17,0
DA:20,0
LF:4
LH:0
BRDA:16,0,0,0
BRF:1
BRH:0
end_of_record
TN:
SF:src/repositories/recommendationRepository.ts
FN:5,create
FN:16,findAll
FN:26,getAmountByScore
FN:33,getFindAllFilter
FN:45,find
FN:51,findByName
FN:57,updateScore
FN:66,remove
FN:72,truncate
FN:75,seed
FNF:10
FNH:8
FNDA:1,create
FNDA:1,findAll
FNDA:1,getAmountByScore
FNDA:1,getFindAllFilter
FNDA:3,find
FNDA:1,findByName
FNDA:2,updateScore
FNDA:0,remove
FNDA:6,truncate
FNDA:0,seed
DA:6,1
DA:17,1
DA:19,1
DA:27,1
DA:36,1
DA:38,1
DA:40,1
DA:46,3
DA:52,1
DA:58,2
DA:67,0
DA:73,6
DA:76,0
DA:82,2
LF:14
LH:12
BRDA:36,0,0,0
BRF:1
BRH:0
end_of_record
TN:
SF:src/routers/e2eRouter.ts
FNF:0
FNH:0
DA:5,1
DA:7,1
DA:8,1
LF:3
LH:3
BRF:0
BRH:0
end_of_record
TN:
SF:src/routers/recommendationRouter.ts
FNF:0
FNH:0
DA:4,1
DA:6,1
DA:7,1
DA:8,1
DA:9,1
DA:10,1
DA:11,1
DA:12,1
LF:8
LH:8
BRF:0
BRH:0
end_of_record
TN:
SF:src/schemas/recommendationsSchemas.ts
FNF:0
FNH:0
DA:4,1
DA:6,1
LF:2
LH:2
BRF:0
BRH:0
end_of_record
TN:
SF:src/services/recommendationsService.ts
FN:7,insert
FN:17,upvote
FN:23,downvote
FN:36,getByIdOrFail
FN:43,get
FN:47,getTop
FN:51,getRandom
FN:64,getByScore
FN:77,getScoreFilter
FN:85,truncate
FN:88,seed
FNF:11
FNH:9
FNDA:2,insert
FNDA:1,upvote
FNDA:2,downvote
FNDA:4,getByIdOrFail
FNDA:0,get
FNDA:1,getTop
FNDA:1,getRandom
FNDA:1,getByScore
FNDA:1,getScoreFilter
FNDA:6,truncate
FNDA:0,seed
DA:8,2
DA:11,2
DA:12,1
DA:14,1
DA:18,1
DA:20,1
DA:24,2
DA:26,2
DA:31,2
DA:32,0
DA:37,4
DA:38,4
DA:40,4
DA:44,0
DA:48,1
DA:52,1
DA:53,1
DA:55,1
DA:56,1
DA:57,0
DA:60,1
DA:61,1
DA:65,1
DA:70,1
DA:71,1
DA:74,0
DA:78,1
DA:79,0
DA:82,1
DA:86,6
DA:89,0
DA:92,2
LF:32
LH:26
BRDA:11,0,0,1
BRDA:31,1,0,0
BRDA:38,2,0,0
BRDA:56,3,0,0
BRDA:70,4,0,1
BRDA:78,5,0,0
BRF:6
BRH:2
end_of_record
TN:
SF:src/utils/errorUtils.ts
FN:7,isAppError
FN:11,errorTypeToStatusCode
FN:19,conflictError
FN:23,notFoundError
FN:27,unauthorizedError
FN:31,wrongSchemaError
FNF:6
FNH:1
FNDA:0,isAppError
FNDA:0,errorTypeToStatusCode
FNDA:2,conflictError
FNDA:0,notFoundError
FNDA:0,unauthorizedError
FNDA:0,wrongSchemaError
DA:8,0
DA:12,0
DA:13,0
DA:14,0
DA:15,0
DA:16,0
DA:20,2
DA:24,0
DA:28,0
DA:32,0
LF:10
LH:1
BRDA:12,0,0,0
BRDA:13,1,0,0
BRDA:14,2,0,0
BRDA:15,3,0,0
BRDA:20,4,0,2
BRDA:20,4,1,0
BRDA:20,5,0,2
BRDA:20,5,1,2
BRDA:24,6,0,0
BRDA:24,6,1,0
BRDA:24,7,0,0
BRDA:24,7,1,0
BRDA:28,8,0,0
BRDA:28,8,1,0
BRDA:28,9,0,0
BRDA:28,9,1,0
BRDA:32,10,0,0
BRDA:32,10,1,0
BRDA:32,11,0,0
BRDA:32,11,1,0
BRF:20
BRH:3
end_of_record
TN:
SF:tests/factories/recommendationBodyFactory.ts
FN:4,recommendationBodyFactory
FNF:1
FNH:1
FNDA:7,recommendationBodyFactory
DA:5,7
LF:1
LH:1
BRF:0
BRH:0
end_of_record
